{
  "stats": {
    "suites": 3,
    "tests": 18,
    "passes": 18,
    "pending": 0,
    "failures": 0,
    "testsRegistered": 18,
    "passPercent": 100,
    "pendingPercent": 0,
    "other": 0,
    "hasOther": false,
    "skipped": 0,
    "hasSkipped": false,
    "start": "2025-05-22T19:32:50.806Z",
    "end": "2025-05-22T19:34:49.128Z",
    "duration": 118322
  },
  "results": [
    {
      "uuid": "19d2f011-34d0-4486-b55c-aa88d4afcfd6",
      "title": "",
      "fullFile": "cypress\\e2e\\teste_alunos.cy.js",
      "file": "cypress\\e2e\\teste_alunos.cy.js",
      "beforeHooks": [],
      "afterHooks": [],
      "tests": [],
      "suites": [
        {
          "uuid": "e24b5d09-eb69-4eff-ba88-4ec949025c92",
          "title": "cadastro de alunos",
          "fullFile": "",
          "file": "",
          "beforeHooks": [],
          "afterHooks": [],
          "tests": [
            {
              "title": "cadastro completo com sucesso",
              "fullTitle": "cadastro de alunos cadastro completo com sucesso",
              "timedOut": null,
              "duration": 3653,
              "state": "passed",
              "speed": "fast",
              "pass": true,
              "fail": false,
              "pending": false,
              "context": null,
              "code": "let fazerLogin = login();\nlet infos = createUser();\ncy.get(':nth-child(1) > .sc-bqOYya > .sc-gHjVMF').type(\"user\" + infos[0]);\ncy.get(':nth-child(2) > .sc-bqOYya > .sc-gHjVMF').type(\"user\" + infos[1] + \"@gmail.com\");\ncy.get(':nth-child(3) > .sc-bqOYya > .sc-gHjVMF').type(infos[2]);\ncy.get(':nth-child(4) > .sc-irLvIq > .sc-csKJxZ').click();\ncy.get('.Toastify__toast-body > :nth-child(2)').should('contain.text', 'Usuário criado com sucesso!');",
              "err": {},
              "uuid": "9eeb2df9-0bad-4793-9be3-5a7ac33d09c6",
              "parentUUID": "e24b5d09-eb69-4eff-ba88-4ec949025c92",
              "isHook": false,
              "skipped": false
            },
            {
              "title": "cadastro com hífen no nome",
              "fullTitle": "cadastro de alunos cadastro com hífen no nome",
              "timedOut": null,
              "duration": 2378,
              "state": "passed",
              "speed": "fast",
              "pass": true,
              "fail": false,
              "pending": false,
              "context": null,
              "code": "let fazerLogin = login();\nlet infos = createUser();\ncy.get(':nth-child(1) > .sc-bqOYya > .sc-gHjVMF').type(\"user-\" + infos[0]);\ncy.get(':nth-child(2) > .sc-bqOYya > .sc-gHjVMF').type(\"user\" + infos[1] + \"@gmail.com\");\ncy.get(':nth-child(3) > .sc-bqOYya > .sc-gHjVMF').type(infos[2]);\ncy.get(':nth-child(4) > .sc-irLvIq > .sc-csKJxZ').click();\ncy.get('.Toastify__toast-body > :nth-child(2)').should('contain.text', 'Usuário criado com sucesso!');",
              "err": {},
              "uuid": "79a04fcc-ad7d-43b7-9087-802c209c602a",
              "parentUUID": "e24b5d09-eb69-4eff-ba88-4ec949025c92",
              "isHook": false,
              "skipped": false
            },
            {
              "title": "cadastro com senha complexa e grande",
              "fullTitle": "cadastro de alunos cadastro com senha complexa e grande",
              "timedOut": null,
              "duration": 2631,
              "state": "passed",
              "speed": "fast",
              "pass": true,
              "fail": false,
              "pending": false,
              "context": null,
              "code": "let fazerLogin = login();\nlet infos = createUser();\ncy.get(':nth-child(1) > .sc-bqOYya > .sc-gHjVMF').type(\"user\" + infos[0]);\ncy.get(':nth-child(2) > .sc-bqOYya > .sc-gHjVMF').type(\"user\" + infos[1] + \"@gmail.com\");\ncy.get(':nth-child(3) > .sc-bqOYya > .sc-gHjVMF').type(\"@\" + infos[2] + \"_S3nh@C0mpl3xa!!2025\");\ncy.get(':nth-child(4) > .sc-irLvIq > .sc-csKJxZ').click();\ncy.get('.Toastify__toast-body > :nth-child(2)').should('contain.text', 'Usuário criado com sucesso!');",
              "err": {},
              "uuid": "f3a0fb97-3b86-4290-bfc8-d7009eefb0b2",
              "parentUUID": "e24b5d09-eb69-4eff-ba88-4ec949025c92",
              "isHook": false,
              "skipped": false
            },
            {
              "title": "cadastro com email já cadastrado",
              "fullTitle": "cadastro de alunos cadastro com email já cadastrado",
              "timedOut": null,
              "duration": 3873,
              "state": "passed",
              "speed": "fast",
              "pass": true,
              "fail": false,
              "pending": false,
              "context": null,
              "code": "let fazerLogin = login();\nlet infos = createUser();\n// primeiro cadastro (deve passar)\ncy.get(':nth-child(1) > .sc-bqOYya > .sc-gHjVMF').type(\"user\" + infos[0]);\ncy.get(':nth-child(2) > .sc-bqOYya > .sc-gHjVMF').type(\"user\" + infos[1] + \"@gmail.com\");\ncy.get(':nth-child(3) > .sc-bqOYya > .sc-gHjVMF').type(infos[2]);\ncy.get(':nth-child(4) > .sc-irLvIq > .sc-csKJxZ').click();\ncy.get('.Toastify__toast-body > :nth-child(2)').should('contain.text', 'Usuário criado com sucesso!');\n// segundo cadastro com o MESMO email (deve falhar)\ncy.reload(); //recarega a página\nlet infosReloadPage = createUser();\ncy.get('.sc-dsAqUS').select('Aluno');\ncy.get(':nth-child(1) > .sc-bqOYya > .sc-gHjVMF').type(\"userReload-\" + infosReloadPage[0]);\ncy.get(':nth-child(2) > .sc-bqOYya > .sc-gHjVMF').type(\"user\" + infos[1] + \"@gmail.com\");\ncy.get(':nth-child(3) > .sc-bqOYya > .sc-gHjVMF').type(infosReloadPage[2] + \"Reload\");\ncy.get(':nth-child(4) > .sc-irLvIq > .sc-csKJxZ').click();\ncy.get('.Toastify__toast-body > :nth-child(2)').should('contain.text', 'Falha ao criar usuário.');",
              "err": {},
              "uuid": "9d8181f3-47f7-4bba-a774-3cddb2cc49b8",
              "parentUUID": "e24b5d09-eb69-4eff-ba88-4ec949025c92",
              "isHook": false,
              "skipped": false
            },
            {
              "title": "cadastro com email inválido",
              "fullTitle": "cadastro de alunos cadastro com email inválido",
              "timedOut": null,
              "duration": 2319,
              "state": "passed",
              "speed": "fast",
              "pass": true,
              "fail": false,
              "pending": false,
              "context": null,
              "code": "let fazerLogin = login();\nlet infos = createUser();\ncy.get('.sc-dsAqUS').select('Aluno');\ncy.get(':nth-child(1) > .sc-bqOYya > .sc-gHjVMF').type(\"user\" + infos[0]);\ncy.get(':nth-child(2) > .sc-bqOYya > .sc-gHjVMF').type(\"user\" + infos[1] + \".gmail.com\");\ncy.get(':nth-child(3) > .sc-bqOYya > .sc-gHjVMF').type(infos[2]);\ncy.get(':nth-child(4) > .sc-irLvIq > .sc-csKJxZ').click();\ncy.get('.Toastify__toast-body > :nth-child(2)').should('contain.text', 'Por favor, insira um endereço de email válido.');",
              "err": {},
              "uuid": "1258633c-4b7e-4da2-89d3-c62afec08b71",
              "parentUUID": "e24b5d09-eb69-4eff-ba88-4ec949025c92",
              "isHook": false,
              "skipped": false
            },
            {
              "title": "cadastro com pelo menos um campo vazio",
              "fullTitle": "cadastro de alunos cadastro com pelo menos um campo vazio",
              "timedOut": null,
              "duration": 2129,
              "state": "passed",
              "speed": "fast",
              "pass": true,
              "fail": false,
              "pending": false,
              "context": null,
              "code": "let fazerLogin = login();\nlet infos = createUser();\ncy.get('.sc-dsAqUS').select('Aluno');\ncy.get(':nth-child(1) > .sc-bqOYya > .sc-gHjVMF').type(\"user\" + infos[0]);\ncy.get(':nth-child(2) > .sc-bqOYya > .sc-gHjVMF').type(\"user\" + infos[1] + \".gmail.com\");\ncy.get(':nth-child(4) > .sc-irLvIq > .sc-csKJxZ').click();\ncy.get('.Toastify__toast-body').should('not.exist'); //aqui não aconteceu nada",
              "err": {},
              "uuid": "a22d8511-6650-4bd7-84c4-5001141b86b3",
              "parentUUID": "e24b5d09-eb69-4eff-ba88-4ec949025c92",
              "isHook": false,
              "skipped": false
            }
          ],
          "suites": [],
          "passes": [
            "9eeb2df9-0bad-4793-9be3-5a7ac33d09c6",
            "79a04fcc-ad7d-43b7-9087-802c209c602a",
            "f3a0fb97-3b86-4290-bfc8-d7009eefb0b2",
            "9d8181f3-47f7-4bba-a774-3cddb2cc49b8",
            "1258633c-4b7e-4da2-89d3-c62afec08b71",
            "a22d8511-6650-4bd7-84c4-5001141b86b3"
          ],
          "failures": [],
          "pending": [],
          "skipped": [],
          "duration": 16983,
          "root": false,
          "rootEmpty": false,
          "_timeout": 2000
        }
      ],
      "passes": [],
      "failures": [],
      "pending": [],
      "skipped": [],
      "duration": 0,
      "root": true,
      "rootEmpty": true,
      "_timeout": 2000
    },
    {
      "uuid": "36ba4b66-6cbb-4e35-9008-e79e9394b6ec",
      "title": "",
      "fullFile": "cypress\\e2e\\teste_orientador.cy.js",
      "file": "cypress\\e2e\\teste_orientador.cy.js",
      "beforeHooks": [],
      "afterHooks": [],
      "tests": [],
      "suites": [
        {
          "uuid": "73399509-d8a8-4d41-b3f4-6180996ccacc",
          "title": "Teste de Orientador",
          "fullFile": "",
          "file": "",
          "beforeHooks": [],
          "afterHooks": [],
          "tests": [
            {
              "title": "Cadastro normal com sucesso",
              "fullTitle": "Teste de Orientador Cadastro normal com sucesso",
              "timedOut": null,
              "duration": 3524,
              "state": "passed",
              "speed": "fast",
              "pass": true,
              "fail": false,
              "pending": false,
              "context": null,
              "code": "login();\nlet infos = createUser();\ncy.get(':nth-child(1) > .sc-bqOYya > .sc-gHjVMF').type(\"user\" + infos[0]);\ncy.get(':nth-child(2) > .sc-bqOYya > .sc-gHjVMF').type(\"user\" + infos[1] + \"@gmail.com\");\ncy.get(':nth-child(3) > .sc-bqOYya > .sc-gHjVMF').type(infos[2]);\ncy.get(':nth-child(4) > .sc-irLvIq > .sc-csKJxZ').click();\ncy.get('.Toastify__toast-body > :nth-child(2)').should('contain.text', 'Usuário criado com sucesso!');",
              "err": {},
              "uuid": "132e2f32-4a78-4bc2-a101-795891a401f6",
              "parentUUID": "73399509-d8a8-4d41-b3f4-6180996ccacc",
              "isHook": false,
              "skipped": false
            },
            {
              "title": "Cadastro com nome composto",
              "fullTitle": "Teste de Orientador Cadastro com nome composto",
              "timedOut": null,
              "duration": 2544,
              "state": "passed",
              "speed": "fast",
              "pass": true,
              "fail": false,
              "pending": false,
              "context": null,
              "code": "login();\nlet infos = createUser();\ncy.get(':nth-child(1) > .sc-bqOYya > .sc-gHjVMF').type(\"user\" + infos[0] + \" \" + infos[0] + \" \" + infos[0]);\ncy.get(':nth-child(2) > .sc-bqOYya > .sc-gHjVMF').type(\"user\" + infos[1] + \"@gmail.com\");\ncy.get(':nth-child(3) > .sc-bqOYya > .sc-gHjVMF').type(infos[2]);\ncy.get(':nth-child(4) > .sc-irLvIq > .sc-csKJxZ').click();\ncy.get('.Toastify__toast-body > :nth-child(2)').should('contain.text', 'Usuário criado com sucesso!');",
              "err": {},
              "uuid": "b9164a6b-37ea-41c4-88b6-5f16e61929ae",
              "parentUUID": "73399509-d8a8-4d41-b3f4-6180996ccacc",
              "isHook": false,
              "skipped": false
            },
            {
              "title": "Cadastro com e-mail institucional",
              "fullTitle": "Teste de Orientador Cadastro com e-mail institucional",
              "timedOut": null,
              "duration": 2528,
              "state": "passed",
              "speed": "fast",
              "pass": true,
              "fail": false,
              "pending": false,
              "context": null,
              "code": "login();\nlet infos = createUser();\ncy.get(':nth-child(1) > .sc-bqOYya > .sc-gHjVMF').type(\"user\" + infos[0]);\ncy.get(':nth-child(2) > .sc-bqOYya > .sc-gHjVMF').type(\"user\" + infos[1] + \"@orientador.inatel.br\");\ncy.get(':nth-child(3) > .sc-bqOYya > .sc-gHjVMF').type(infos[2]);\ncy.get(':nth-child(4) > .sc-irLvIq > .sc-csKJxZ').click();\ncy.get('.Toastify__toast-body > :nth-child(2)').should('contain.text', 'Usuário criado com sucesso!');",
              "err": {},
              "uuid": "4abff62c-b77a-47ad-8dd6-c2106527bd98",
              "parentUUID": "73399509-d8a8-4d41-b3f4-6180996ccacc",
              "isHook": false,
              "skipped": false
            },
            {
              "title": "Cadastro com nome e e-mail com hífen",
              "fullTitle": "Teste de Orientador Cadastro com nome e e-mail com hífen",
              "timedOut": null,
              "duration": 2577,
              "state": "passed",
              "speed": "fast",
              "pass": true,
              "fail": false,
              "pending": false,
              "context": null,
              "code": "login();\nlet infos = createUser();\ncy.get(':nth-child(1) > .sc-bqOYya > .sc-gHjVMF').type(\"usuário\" + infos[0]);\ncy.get(':nth-child(2) > .sc-bqOYya > .sc-gHjVMF').type(\"usuário\" + infos[1] + \"@orientador.inatel.br\");\ncy.get(':nth-child(3) > .sc-bqOYya > .sc-gHjVMF').type(infos[2]);\ncy.get(':nth-child(4) > .sc-irLvIq > .sc-csKJxZ').click();\ncy.get('.Toastify__toast-body > :nth-child(2)').should('contain.text', 'Usuário criado com sucesso!');",
              "err": {},
              "uuid": "a692d55b-4b33-4709-832a-b8ab62689941",
              "parentUUID": "73399509-d8a8-4d41-b3f4-6180996ccacc",
              "isHook": false,
              "skipped": false
            },
            {
              "title": "Cadastro com e-mail já cadastrado",
              "fullTitle": "Teste de Orientador Cadastro com e-mail já cadastrado",
              "timedOut": null,
              "duration": 3671,
              "state": "passed",
              "speed": "fast",
              "pass": true,
              "fail": false,
              "pending": false,
              "context": null,
              "code": "login();\nlet infos = createUser();\ncy.get(':nth-child(1) > .sc-bqOYya > .sc-gHjVMF').type(\"user\" + infos[0]);\ncy.get(':nth-child(2) > .sc-bqOYya > .sc-gHjVMF').type(\"user\" + infos[1] + \"@gmail.com\");\ncy.get(':nth-child(3) > .sc-bqOYya > .sc-gHjVMF').type(infos[2]);\ncy.get(':nth-child(4) > .sc-irLvIq > .sc-csKJxZ').click();\ncy.get(':nth-child(1) > .sc-bqOYya > .sc-gHjVMF').clear();\ncy.get(':nth-child(2) > .sc-bqOYya > .sc-gHjVMF').clear();\ncy.get(':nth-child(3) > .sc-bqOYya > .sc-gHjVMF').clear();\ncy.get(':nth-child(1) > .sc-bqOYya > .sc-gHjVMF').type(\"user\" + infos[0]);\ncy.get(':nth-child(2) > .sc-bqOYya > .sc-gHjVMF').type(\"user\" + infos[1] + \"@gmail.com\");\ncy.get(':nth-child(3) > .sc-bqOYya > .sc-gHjVMF').type(infos[2]);\ncy.get(':nth-child(4) > .sc-irLvIq > .sc-csKJxZ').click();\ncy.get('#\\\\32  > .Toastify__toast-body > :nth-child(2)').should('contain.text', 'Falha ao criar usuário.');",
              "err": {},
              "uuid": "77103b85-a66e-42d8-9b24-3808af950355",
              "parentUUID": "73399509-d8a8-4d41-b3f4-6180996ccacc",
              "isHook": false,
              "skipped": false
            },
            {
              "title": "Cadastro com e-mail em formato inválido",
              "fullTitle": "Teste de Orientador Cadastro com e-mail em formato inválido",
              "timedOut": null,
              "duration": 2238,
              "state": "passed",
              "speed": "fast",
              "pass": true,
              "fail": false,
              "pending": false,
              "context": null,
              "code": "login();\nlet infos = createUser();\ncy.get(':nth-child(1) > .sc-bqOYya > .sc-gHjVMF').type(\"user\" + infos[0]);\ncy.get(':nth-child(2) > .sc-bqOYya > .sc-gHjVMF').type(\"user\" + infos[1] + \"gmail.com\");\ncy.get(':nth-child(3) > .sc-bqOYya > .sc-gHjVMF').type(infos[2]);\ncy.get(':nth-child(4) > .sc-irLvIq > .sc-csKJxZ').click();\ncy.get('.Toastify__toast-body > :nth-child(2)').should('contain.text', 'Por favor, insira um endereço de email válido.');",
              "err": {},
              "uuid": "4f5813c0-ff5e-432f-a7d8-0257b65a3577",
              "parentUUID": "73399509-d8a8-4d41-b3f4-6180996ccacc",
              "isHook": false,
              "skipped": false
            }
          ],
          "suites": [],
          "passes": [
            "132e2f32-4a78-4bc2-a101-795891a401f6",
            "b9164a6b-37ea-41c4-88b6-5f16e61929ae",
            "4abff62c-b77a-47ad-8dd6-c2106527bd98",
            "a692d55b-4b33-4709-832a-b8ab62689941",
            "77103b85-a66e-42d8-9b24-3808af950355",
            "4f5813c0-ff5e-432f-a7d8-0257b65a3577"
          ],
          "failures": [],
          "pending": [],
          "skipped": [],
          "duration": 17082,
          "root": false,
          "rootEmpty": false,
          "_timeout": 2000
        }
      ],
      "passes": [],
      "failures": [],
      "pending": [],
      "skipped": [],
      "duration": 0,
      "root": true,
      "rootEmpty": true,
      "_timeout": 2000
    },
    {
      "uuid": "d51f2041-4b30-4b0a-9ca8-fd132c406c27",
      "title": "",
      "fullFile": "cypress\\e2e\\teste_projetos.cy.js",
      "file": "cypress\\e2e\\teste_projetos.cy.js",
      "beforeHooks": [],
      "afterHooks": [],
      "tests": [],
      "suites": [
        {
          "uuid": "59194ffc-4c35-4337-9597-ec32ce80938f",
          "title": "Teste de projetos",
          "fullFile": "",
          "file": "",
          "beforeHooks": [],
          "afterHooks": [],
          "tests": [
            {
              "title": "Criação de projeto vazio",
              "fullTitle": "Teste de projetos Criação de projeto vazio",
              "timedOut": null,
              "duration": 2640,
              "state": "passed",
              "speed": "fast",
              "pass": true,
              "fail": false,
              "pending": false,
              "context": null,
              "code": "login();\ncy.get('[href=\"/adm/projetos\"]').click();\ncy.get('.sc-jdHILj > svg').click();\ncy.get('[href=\"/adm/add-projeto/cadastro\"]').click();\ncy.get('.sc-eGgGjL > :nth-child(1)').click(); // botão de criar equipe\ncy.get('.Toastify__toast-body > :nth-child(2)').should('contain.text', 'Por favor, adicione o nome do projeto');",
              "err": {},
              "uuid": "d68106dc-d1ee-401e-9086-e27804860d76",
              "parentUUID": "59194ffc-4c35-4337-9597-ec32ce80938f",
              "isHook": false,
              "skipped": false
            },
            {
              "title": "Criação de projeto",
              "fullTitle": "Teste de projetos Criação de projeto",
              "timedOut": null,
              "duration": 13964,
              "state": "passed",
              "speed": "slow",
              "pass": true,
              "fail": false,
              "pending": false,
              "context": null,
              "code": "login();\nlet users = gerarListaDeUsers(4);\nlet nomeProjeto = gerarNomeProjeto();\nlet orientador = gerarUser();\ncriarUser(orientador, true);\ncriarProjeto(users, nomeProjeto, orientador);",
              "err": {},
              "uuid": "78b00a80-e067-4271-8795-73e67537bc35",
              "parentUUID": "59194ffc-4c35-4337-9597-ec32ce80938f",
              "isHook": false,
              "skipped": false
            },
            {
              "title": "Busca de projeto",
              "fullTitle": "Teste de projetos Busca de projeto",
              "timedOut": null,
              "duration": 14350,
              "state": "passed",
              "speed": "slow",
              "pass": true,
              "fail": false,
              "pending": false,
              "context": null,
              "code": "login();\nlet users = gerarListaDeUsers(4);\nlet nomeProjeto = gerarNomeProjeto();\nlet orientador = gerarUser();\ncriarUser(orientador, true);\ncriarProjeto(users, nomeProjeto, orientador);\nacessarProjetoExistente(nomeProjeto);",
              "err": {},
              "uuid": "9636dc02-a7ce-4906-a3ac-a3b0fea2485f",
              "parentUUID": "59194ffc-4c35-4337-9597-ec32ce80938f",
              "isHook": false,
              "skipped": false
            },
            {
              "title": "Modificar nome do projeto",
              "fullTitle": "Teste de projetos Modificar nome do projeto",
              "timedOut": null,
              "duration": 14830,
              "state": "passed",
              "speed": "slow",
              "pass": true,
              "fail": false,
              "pending": false,
              "context": null,
              "code": "login();\nlet users = gerarListaDeUsers(4);\nlet nomeProjeto = gerarNomeProjeto();\nlet orientador = gerarUser();\ncriarUser(orientador, true);\ncriarProjeto(users, nomeProjeto, orientador);\nacessarProjetoExistente(nomeProjeto);\nmodificarNomeProjeto(nomeProjeto);",
              "err": {},
              "uuid": "8d3329af-071c-4a04-9174-cfc0f87aed50",
              "parentUUID": "59194ffc-4c35-4337-9597-ec32ce80938f",
              "isHook": false,
              "skipped": false
            },
            {
              "title": "Deletar projeto",
              "fullTitle": "Teste de projetos Deletar projeto",
              "timedOut": null,
              "duration": 14987,
              "state": "passed",
              "speed": "slow",
              "pass": true,
              "fail": false,
              "pending": false,
              "context": null,
              "code": "login();\nlet users = gerarListaDeUsers(4);\nlet nomeProjeto = gerarNomeProjeto();\nlet orientador = gerarUser();\ncriarUser(orientador, true);\ncriarProjeto(users, nomeProjeto, orientador);\nacessarProjetoExistente(nomeProjeto);\ncy.get('.sc-iCKXBC > [viewBox=\"0 0 448 512\"]').click(); // deletar\ncy.get('.sc-cZpZpK > :nth-child(1)').click();\ncy.get('[href=\"/adm/projetos\"]').click();\ncy.get('.sc-ckdEwu').type(nomeProjeto);\ncy.get('.sc-gjLLEI').should('not.exist');",
              "err": {},
              "uuid": "818e858d-6bbf-40f2-9a7b-5a0d9d603306",
              "parentUUID": "59194ffc-4c35-4337-9597-ec32ce80938f",
              "isHook": false,
              "skipped": false
            },
            {
              "title": "Deletar membros do projeto",
              "fullTitle": "Teste de projetos Deletar membros do projeto",
              "timedOut": null,
              "duration": 15195,
              "state": "passed",
              "speed": "slow",
              "pass": true,
              "fail": false,
              "pending": false,
              "context": null,
              "code": "login();\nlet users = gerarListaDeUsers(4);\nlet nomeProjeto = gerarNomeProjeto();\nlet orientador = gerarUser();\ncriarUser(orientador, true);\ncriarProjeto(users, nomeProjeto, orientador);\nacessarProjetoExistente(nomeProjeto);\n// index de membro a partir de 0\nconst BotaoDeletarMembro = n => ':nth-child(' + n + 2 + ') > .sc-jiaSqj > .sc-hVcFVo';\nfor (let i = 0; i < 5; i++) {\n  cy.get(BotaoDeletarMembro(0)).click();\n  cy.get('.sc-bbxCgr > :nth-child(1)').click();\n}\ncy.get('.sc-cPtzlb > .sc-irLvIq > .sc-csKJxZ').should('exist');",
              "err": {},
              "uuid": "57289957-79c7-413d-aea0-c1ea17cbc836",
              "parentUUID": "59194ffc-4c35-4337-9597-ec32ce80938f",
              "isHook": false,
              "skipped": false
            }
          ],
          "suites": [],
          "passes": [
            "d68106dc-d1ee-401e-9086-e27804860d76",
            "78b00a80-e067-4271-8795-73e67537bc35",
            "9636dc02-a7ce-4906-a3ac-a3b0fea2485f",
            "8d3329af-071c-4a04-9174-cfc0f87aed50",
            "818e858d-6bbf-40f2-9a7b-5a0d9d603306",
            "57289957-79c7-413d-aea0-c1ea17cbc836"
          ],
          "failures": [],
          "pending": [],
          "skipped": [],
          "duration": 75966,
          "root": false,
          "rootEmpty": false,
          "_timeout": 2000
        }
      ],
      "passes": [],
      "failures": [],
      "pending": [],
      "skipped": [],
      "duration": 0,
      "root": true,
      "rootEmpty": true,
      "_timeout": 2000
    }
  ],
  "meta": {
    "mocha": {
      "version": "7.2.0"
    },
    "mochawesome": {
      "options": {
        "quiet": false,
        "reportFilename": "mochawesome",
        "saveHtml": false,
        "saveJson": true,
        "consoleReporter": "spec",
        "useInlineDiffs": false,
        "code": true
      },
      "version": "7.1.3"
    },
    "marge": {
      "options": {
        "reportDir": "cypress/reports",
        "overwrite": false,
        "html": false,
        "json": true
      },
      "version": "6.2.0"
    }
  }
}