{
  "stats": {
    "suites": 1,
    "tests": 6,
    "passes": 6,
    "pending": 0,
    "failures": 0,
    "start": "2025-05-22T19:33:11.448Z",
    "end": "2025-05-22T19:33:30.015Z",
    "duration": 18567,
    "testsRegistered": 6,
    "passPercent": 100,
    "pendingPercent": 0,
    "other": 0,
    "hasOther": false,
    "skipped": 0,
    "hasSkipped": false
  },
  "results": [
    {
      "uuid": "36ba4b66-6cbb-4e35-9008-e79e9394b6ec",
      "title": "",
      "fullFile": "cypress\\e2e\\teste_orientador.cy.js",
      "file": "cypress\\e2e\\teste_orientador.cy.js",
      "beforeHooks": [],
      "afterHooks": [],
      "tests": [],
      "suites": [
        {
          "uuid": "73399509-d8a8-4d41-b3f4-6180996ccacc",
          "title": "Teste de Orientador",
          "fullFile": "",
          "file": "",
          "beforeHooks": [],
          "afterHooks": [],
          "tests": [
            {
              "title": "Cadastro normal com sucesso",
              "fullTitle": "Teste de Orientador Cadastro normal com sucesso",
              "timedOut": null,
              "duration": 3524,
              "state": "passed",
              "speed": "fast",
              "pass": true,
              "fail": false,
              "pending": false,
              "context": null,
              "code": "login();\nlet infos = createUser();\ncy.get(':nth-child(1) > .sc-bqOYya > .sc-gHjVMF').type(\"user\" + infos[0]);\ncy.get(':nth-child(2) > .sc-bqOYya > .sc-gHjVMF').type(\"user\" + infos[1] + \"@gmail.com\");\ncy.get(':nth-child(3) > .sc-bqOYya > .sc-gHjVMF').type(infos[2]);\ncy.get(':nth-child(4) > .sc-irLvIq > .sc-csKJxZ').click();\ncy.get('.Toastify__toast-body > :nth-child(2)').should('contain.text', 'Usuário criado com sucesso!');",
              "err": {},
              "uuid": "132e2f32-4a78-4bc2-a101-795891a401f6",
              "parentUUID": "73399509-d8a8-4d41-b3f4-6180996ccacc",
              "isHook": false,
              "skipped": false
            },
            {
              "title": "Cadastro com nome composto",
              "fullTitle": "Teste de Orientador Cadastro com nome composto",
              "timedOut": null,
              "duration": 2544,
              "state": "passed",
              "speed": "fast",
              "pass": true,
              "fail": false,
              "pending": false,
              "context": null,
              "code": "login();\nlet infos = createUser();\ncy.get(':nth-child(1) > .sc-bqOYya > .sc-gHjVMF').type(\"user\" + infos[0] + \" \" + infos[0] + \" \" + infos[0]);\ncy.get(':nth-child(2) > .sc-bqOYya > .sc-gHjVMF').type(\"user\" + infos[1] + \"@gmail.com\");\ncy.get(':nth-child(3) > .sc-bqOYya > .sc-gHjVMF').type(infos[2]);\ncy.get(':nth-child(4) > .sc-irLvIq > .sc-csKJxZ').click();\ncy.get('.Toastify__toast-body > :nth-child(2)').should('contain.text', 'Usuário criado com sucesso!');",
              "err": {},
              "uuid": "b9164a6b-37ea-41c4-88b6-5f16e61929ae",
              "parentUUID": "73399509-d8a8-4d41-b3f4-6180996ccacc",
              "isHook": false,
              "skipped": false
            },
            {
              "title": "Cadastro com e-mail institucional",
              "fullTitle": "Teste de Orientador Cadastro com e-mail institucional",
              "timedOut": null,
              "duration": 2528,
              "state": "passed",
              "speed": "fast",
              "pass": true,
              "fail": false,
              "pending": false,
              "context": null,
              "code": "login();\nlet infos = createUser();\ncy.get(':nth-child(1) > .sc-bqOYya > .sc-gHjVMF').type(\"user\" + infos[0]);\ncy.get(':nth-child(2) > .sc-bqOYya > .sc-gHjVMF').type(\"user\" + infos[1] + \"@orientador.inatel.br\");\ncy.get(':nth-child(3) > .sc-bqOYya > .sc-gHjVMF').type(infos[2]);\ncy.get(':nth-child(4) > .sc-irLvIq > .sc-csKJxZ').click();\ncy.get('.Toastify__toast-body > :nth-child(2)').should('contain.text', 'Usuário criado com sucesso!');",
              "err": {},
              "uuid": "4abff62c-b77a-47ad-8dd6-c2106527bd98",
              "parentUUID": "73399509-d8a8-4d41-b3f4-6180996ccacc",
              "isHook": false,
              "skipped": false
            },
            {
              "title": "Cadastro com nome e e-mail com hífen",
              "fullTitle": "Teste de Orientador Cadastro com nome e e-mail com hífen",
              "timedOut": null,
              "duration": 2577,
              "state": "passed",
              "speed": "fast",
              "pass": true,
              "fail": false,
              "pending": false,
              "context": null,
              "code": "login();\nlet infos = createUser();\ncy.get(':nth-child(1) > .sc-bqOYya > .sc-gHjVMF').type(\"usuário\" + infos[0]);\ncy.get(':nth-child(2) > .sc-bqOYya > .sc-gHjVMF').type(\"usuário\" + infos[1] + \"@orientador.inatel.br\");\ncy.get(':nth-child(3) > .sc-bqOYya > .sc-gHjVMF').type(infos[2]);\ncy.get(':nth-child(4) > .sc-irLvIq > .sc-csKJxZ').click();\ncy.get('.Toastify__toast-body > :nth-child(2)').should('contain.text', 'Usuário criado com sucesso!');",
              "err": {},
              "uuid": "a692d55b-4b33-4709-832a-b8ab62689941",
              "parentUUID": "73399509-d8a8-4d41-b3f4-6180996ccacc",
              "isHook": false,
              "skipped": false
            },
            {
              "title": "Cadastro com e-mail já cadastrado",
              "fullTitle": "Teste de Orientador Cadastro com e-mail já cadastrado",
              "timedOut": null,
              "duration": 3671,
              "state": "passed",
              "speed": "fast",
              "pass": true,
              "fail": false,
              "pending": false,
              "context": null,
              "code": "login();\nlet infos = createUser();\ncy.get(':nth-child(1) > .sc-bqOYya > .sc-gHjVMF').type(\"user\" + infos[0]);\ncy.get(':nth-child(2) > .sc-bqOYya > .sc-gHjVMF').type(\"user\" + infos[1] + \"@gmail.com\");\ncy.get(':nth-child(3) > .sc-bqOYya > .sc-gHjVMF').type(infos[2]);\ncy.get(':nth-child(4) > .sc-irLvIq > .sc-csKJxZ').click();\ncy.get(':nth-child(1) > .sc-bqOYya > .sc-gHjVMF').clear();\ncy.get(':nth-child(2) > .sc-bqOYya > .sc-gHjVMF').clear();\ncy.get(':nth-child(3) > .sc-bqOYya > .sc-gHjVMF').clear();\ncy.get(':nth-child(1) > .sc-bqOYya > .sc-gHjVMF').type(\"user\" + infos[0]);\ncy.get(':nth-child(2) > .sc-bqOYya > .sc-gHjVMF').type(\"user\" + infos[1] + \"@gmail.com\");\ncy.get(':nth-child(3) > .sc-bqOYya > .sc-gHjVMF').type(infos[2]);\ncy.get(':nth-child(4) > .sc-irLvIq > .sc-csKJxZ').click();\ncy.get('#\\\\32  > .Toastify__toast-body > :nth-child(2)').should('contain.text', 'Falha ao criar usuário.');",
              "err": {},
              "uuid": "77103b85-a66e-42d8-9b24-3808af950355",
              "parentUUID": "73399509-d8a8-4d41-b3f4-6180996ccacc",
              "isHook": false,
              "skipped": false
            },
            {
              "title": "Cadastro com e-mail em formato inválido",
              "fullTitle": "Teste de Orientador Cadastro com e-mail em formato inválido",
              "timedOut": null,
              "duration": 2238,
              "state": "passed",
              "speed": "fast",
              "pass": true,
              "fail": false,
              "pending": false,
              "context": null,
              "code": "login();\nlet infos = createUser();\ncy.get(':nth-child(1) > .sc-bqOYya > .sc-gHjVMF').type(\"user\" + infos[0]);\ncy.get(':nth-child(2) > .sc-bqOYya > .sc-gHjVMF').type(\"user\" + infos[1] + \"gmail.com\");\ncy.get(':nth-child(3) > .sc-bqOYya > .sc-gHjVMF').type(infos[2]);\ncy.get(':nth-child(4) > .sc-irLvIq > .sc-csKJxZ').click();\ncy.get('.Toastify__toast-body > :nth-child(2)').should('contain.text', 'Por favor, insira um endereço de email válido.');",
              "err": {},
              "uuid": "4f5813c0-ff5e-432f-a7d8-0257b65a3577",
              "parentUUID": "73399509-d8a8-4d41-b3f4-6180996ccacc",
              "isHook": false,
              "skipped": false
            }
          ],
          "suites": [],
          "passes": [
            "132e2f32-4a78-4bc2-a101-795891a401f6",
            "b9164a6b-37ea-41c4-88b6-5f16e61929ae",
            "4abff62c-b77a-47ad-8dd6-c2106527bd98",
            "a692d55b-4b33-4709-832a-b8ab62689941",
            "77103b85-a66e-42d8-9b24-3808af950355",
            "4f5813c0-ff5e-432f-a7d8-0257b65a3577"
          ],
          "failures": [],
          "pending": [],
          "skipped": [],
          "duration": 17082,
          "root": false,
          "rootEmpty": false,
          "_timeout": 2000
        }
      ],
      "passes": [],
      "failures": [],
      "pending": [],
      "skipped": [],
      "duration": 0,
      "root": true,
      "rootEmpty": true,
      "_timeout": 2000
    }
  ],
  "meta": {
    "mocha": {
      "version": "7.2.0"
    },
    "mochawesome": {
      "options": {
        "quiet": false,
        "reportFilename": "mochawesome",
        "saveHtml": false,
        "saveJson": true,
        "consoleReporter": "spec",
        "useInlineDiffs": false,
        "code": true
      },
      "version": "7.1.3"
    },
    "marge": {
      "options": {
        "reportDir": "cypress/reports",
        "overwrite": false,
        "html": false,
        "json": true
      },
      "version": "6.2.0"
    }
  }
}