{
  "stats": {
    "suites": 1,
    "tests": 6,
    "passes": 6,
    "pending": 0,
    "failures": 0,
    "start": "2025-05-22T19:32:50.806Z",
    "end": "2025-05-22T19:33:09.775Z",
    "duration": 18969,
    "testsRegistered": 6,
    "passPercent": 100,
    "pendingPercent": 0,
    "other": 0,
    "hasOther": false,
    "skipped": 0,
    "hasSkipped": false
  },
  "results": [
    {
      "uuid": "19d2f011-34d0-4486-b55c-aa88d4afcfd6",
      "title": "",
      "fullFile": "cypress\\e2e\\teste_alunos.cy.js",
      "file": "cypress\\e2e\\teste_alunos.cy.js",
      "beforeHooks": [],
      "afterHooks": [],
      "tests": [],
      "suites": [
        {
          "uuid": "e24b5d09-eb69-4eff-ba88-4ec949025c92",
          "title": "cadastro de alunos",
          "fullFile": "",
          "file": "",
          "beforeHooks": [],
          "afterHooks": [],
          "tests": [
            {
              "title": "cadastro completo com sucesso",
              "fullTitle": "cadastro de alunos cadastro completo com sucesso",
              "timedOut": null,
              "duration": 3653,
              "state": "passed",
              "speed": "fast",
              "pass": true,
              "fail": false,
              "pending": false,
              "context": null,
              "code": "let fazerLogin = login();\nlet infos = createUser();\ncy.get(':nth-child(1) > .sc-bqOYya > .sc-gHjVMF').type(\"user\" + infos[0]);\ncy.get(':nth-child(2) > .sc-bqOYya > .sc-gHjVMF').type(\"user\" + infos[1] + \"@gmail.com\");\ncy.get(':nth-child(3) > .sc-bqOYya > .sc-gHjVMF').type(infos[2]);\ncy.get(':nth-child(4) > .sc-irLvIq > .sc-csKJxZ').click();\ncy.get('.Toastify__toast-body > :nth-child(2)').should('contain.text', 'Usuário criado com sucesso!');",
              "err": {},
              "uuid": "9eeb2df9-0bad-4793-9be3-5a7ac33d09c6",
              "parentUUID": "e24b5d09-eb69-4eff-ba88-4ec949025c92",
              "isHook": false,
              "skipped": false
            },
            {
              "title": "cadastro com hífen no nome",
              "fullTitle": "cadastro de alunos cadastro com hífen no nome",
              "timedOut": null,
              "duration": 2378,
              "state": "passed",
              "speed": "fast",
              "pass": true,
              "fail": false,
              "pending": false,
              "context": null,
              "code": "let fazerLogin = login();\nlet infos = createUser();\ncy.get(':nth-child(1) > .sc-bqOYya > .sc-gHjVMF').type(\"user-\" + infos[0]);\ncy.get(':nth-child(2) > .sc-bqOYya > .sc-gHjVMF').type(\"user\" + infos[1] + \"@gmail.com\");\ncy.get(':nth-child(3) > .sc-bqOYya > .sc-gHjVMF').type(infos[2]);\ncy.get(':nth-child(4) > .sc-irLvIq > .sc-csKJxZ').click();\ncy.get('.Toastify__toast-body > :nth-child(2)').should('contain.text', 'Usuário criado com sucesso!');",
              "err": {},
              "uuid": "79a04fcc-ad7d-43b7-9087-802c209c602a",
              "parentUUID": "e24b5d09-eb69-4eff-ba88-4ec949025c92",
              "isHook": false,
              "skipped": false
            },
            {
              "title": "cadastro com senha complexa e grande",
              "fullTitle": "cadastro de alunos cadastro com senha complexa e grande",
              "timedOut": null,
              "duration": 2631,
              "state": "passed",
              "speed": "fast",
              "pass": true,
              "fail": false,
              "pending": false,
              "context": null,
              "code": "let fazerLogin = login();\nlet infos = createUser();\ncy.get(':nth-child(1) > .sc-bqOYya > .sc-gHjVMF').type(\"user\" + infos[0]);\ncy.get(':nth-child(2) > .sc-bqOYya > .sc-gHjVMF').type(\"user\" + infos[1] + \"@gmail.com\");\ncy.get(':nth-child(3) > .sc-bqOYya > .sc-gHjVMF').type(\"@\" + infos[2] + \"_S3nh@C0mpl3xa!!2025\");\ncy.get(':nth-child(4) > .sc-irLvIq > .sc-csKJxZ').click();\ncy.get('.Toastify__toast-body > :nth-child(2)').should('contain.text', 'Usuário criado com sucesso!');",
              "err": {},
              "uuid": "f3a0fb97-3b86-4290-bfc8-d7009eefb0b2",
              "parentUUID": "e24b5d09-eb69-4eff-ba88-4ec949025c92",
              "isHook": false,
              "skipped": false
            },
            {
              "title": "cadastro com email já cadastrado",
              "fullTitle": "cadastro de alunos cadastro com email já cadastrado",
              "timedOut": null,
              "duration": 3873,
              "state": "passed",
              "speed": "fast",
              "pass": true,
              "fail": false,
              "pending": false,
              "context": null,
              "code": "let fazerLogin = login();\nlet infos = createUser();\n// primeiro cadastro (deve passar)\ncy.get(':nth-child(1) > .sc-bqOYya > .sc-gHjVMF').type(\"user\" + infos[0]);\ncy.get(':nth-child(2) > .sc-bqOYya > .sc-gHjVMF').type(\"user\" + infos[1] + \"@gmail.com\");\ncy.get(':nth-child(3) > .sc-bqOYya > .sc-gHjVMF').type(infos[2]);\ncy.get(':nth-child(4) > .sc-irLvIq > .sc-csKJxZ').click();\ncy.get('.Toastify__toast-body > :nth-child(2)').should('contain.text', 'Usuário criado com sucesso!');\n// segundo cadastro com o MESMO email (deve falhar)\ncy.reload(); //recarega a página\nlet infosReloadPage = createUser();\ncy.get('.sc-dsAqUS').select('Aluno');\ncy.get(':nth-child(1) > .sc-bqOYya > .sc-gHjVMF').type(\"userReload-\" + infosReloadPage[0]);\ncy.get(':nth-child(2) > .sc-bqOYya > .sc-gHjVMF').type(\"user\" + infos[1] + \"@gmail.com\");\ncy.get(':nth-child(3) > .sc-bqOYya > .sc-gHjVMF').type(infosReloadPage[2] + \"Reload\");\ncy.get(':nth-child(4) > .sc-irLvIq > .sc-csKJxZ').click();\ncy.get('.Toastify__toast-body > :nth-child(2)').should('contain.text', 'Falha ao criar usuário.');",
              "err": {},
              "uuid": "9d8181f3-47f7-4bba-a774-3cddb2cc49b8",
              "parentUUID": "e24b5d09-eb69-4eff-ba88-4ec949025c92",
              "isHook": false,
              "skipped": false
            },
            {
              "title": "cadastro com email inválido",
              "fullTitle": "cadastro de alunos cadastro com email inválido",
              "timedOut": null,
              "duration": 2319,
              "state": "passed",
              "speed": "fast",
              "pass": true,
              "fail": false,
              "pending": false,
              "context": null,
              "code": "let fazerLogin = login();\nlet infos = createUser();\ncy.get('.sc-dsAqUS').select('Aluno');\ncy.get(':nth-child(1) > .sc-bqOYya > .sc-gHjVMF').type(\"user\" + infos[0]);\ncy.get(':nth-child(2) > .sc-bqOYya > .sc-gHjVMF').type(\"user\" + infos[1] + \".gmail.com\");\ncy.get(':nth-child(3) > .sc-bqOYya > .sc-gHjVMF').type(infos[2]);\ncy.get(':nth-child(4) > .sc-irLvIq > .sc-csKJxZ').click();\ncy.get('.Toastify__toast-body > :nth-child(2)').should('contain.text', 'Por favor, insira um endereço de email válido.');",
              "err": {},
              "uuid": "1258633c-4b7e-4da2-89d3-c62afec08b71",
              "parentUUID": "e24b5d09-eb69-4eff-ba88-4ec949025c92",
              "isHook": false,
              "skipped": false
            },
            {
              "title": "cadastro com pelo menos um campo vazio",
              "fullTitle": "cadastro de alunos cadastro com pelo menos um campo vazio",
              "timedOut": null,
              "duration": 2129,
              "state": "passed",
              "speed": "fast",
              "pass": true,
              "fail": false,
              "pending": false,
              "context": null,
              "code": "let fazerLogin = login();\nlet infos = createUser();\ncy.get('.sc-dsAqUS').select('Aluno');\ncy.get(':nth-child(1) > .sc-bqOYya > .sc-gHjVMF').type(\"user\" + infos[0]);\ncy.get(':nth-child(2) > .sc-bqOYya > .sc-gHjVMF').type(\"user\" + infos[1] + \".gmail.com\");\ncy.get(':nth-child(4) > .sc-irLvIq > .sc-csKJxZ').click();\ncy.get('.Toastify__toast-body').should('not.exist'); //aqui não aconteceu nada",
              "err": {},
              "uuid": "a22d8511-6650-4bd7-84c4-5001141b86b3",
              "parentUUID": "e24b5d09-eb69-4eff-ba88-4ec949025c92",
              "isHook": false,
              "skipped": false
            }
          ],
          "suites": [],
          "passes": [
            "9eeb2df9-0bad-4793-9be3-5a7ac33d09c6",
            "79a04fcc-ad7d-43b7-9087-802c209c602a",
            "f3a0fb97-3b86-4290-bfc8-d7009eefb0b2",
            "9d8181f3-47f7-4bba-a774-3cddb2cc49b8",
            "1258633c-4b7e-4da2-89d3-c62afec08b71",
            "a22d8511-6650-4bd7-84c4-5001141b86b3"
          ],
          "failures": [],
          "pending": [],
          "skipped": [],
          "duration": 16983,
          "root": false,
          "rootEmpty": false,
          "_timeout": 2000
        }
      ],
      "passes": [],
      "failures": [],
      "pending": [],
      "skipped": [],
      "duration": 0,
      "root": true,
      "rootEmpty": true,
      "_timeout": 2000
    }
  ],
  "meta": {
    "mocha": {
      "version": "7.2.0"
    },
    "mochawesome": {
      "options": {
        "quiet": false,
        "reportFilename": "mochawesome",
        "saveHtml": false,
        "saveJson": true,
        "consoleReporter": "spec",
        "useInlineDiffs": false,
        "code": true
      },
      "version": "7.1.3"
    },
    "marge": {
      "options": {
        "reportDir": "cypress/reports",
        "overwrite": false,
        "html": false,
        "json": true
      },
      "version": "6.2.0"
    }
  }
}