{
  "stats": {
    "suites": 1,
    "tests": 6,
    "passes": 6,
    "pending": 0,
    "failures": 0,
    "start": "2025-05-18T23:45:49.212Z",
    "end": "2025-05-18T23:46:08.573Z",
    "duration": 19361,
    "testsRegistered": 6,
    "passPercent": 100,
    "pendingPercent": 0,
    "other": 0,
    "hasOther": false,
    "skipped": 0,
    "hasSkipped": false
  },
  "results": [
    {
      "uuid": "1564ebcf-9b90-4851-b8a7-9ef368eabd8e",
      "title": "",
      "fullFile": "cypress\\e2e\\teste_alunos.cy.js",
      "file": "cypress\\e2e\\teste_alunos.cy.js",
      "beforeHooks": [],
      "afterHooks": [],
      "tests": [],
      "suites": [
        {
          "uuid": "19976e8e-749c-4c84-968b-0a036867df02",
          "title": "cadastro de usuários",
          "fullFile": "",
          "file": "",
          "beforeHooks": [],
          "afterHooks": [],
          "tests": [
            {
              "title": "cadastro normal com sucesso",
              "fullTitle": "cadastro de usuários cadastro normal com sucesso",
              "timedOut": null,
              "duration": 3825,
              "state": "passed",
              "speed": "fast",
              "pass": true,
              "fail": false,
              "pending": false,
              "context": null,
              "code": "let fazerLogin = login();\nlet infos = createUser();\ncy.get(':nth-child(1) > .sc-bqOYya > .sc-gHjVMF').type(\"user\" + infos[0]);\ncy.get(':nth-child(2) > .sc-bqOYya > .sc-gHjVMF').type(\"user\" + infos[1] + \"@gmail.com\");\ncy.get(':nth-child(3) > .sc-bqOYya > .sc-gHjVMF').type(infos[2]);\ncy.get(':nth-child(4) > .sc-irLvIq > .sc-csKJxZ').click();\ncy.get('.Toastify__toast-body > :nth-child(2)').should('contain.text', 'Usuário criado com sucesso!');",
              "err": {},
              "uuid": "fd531eec-5d00-44ff-8389-fa5020622f36",
              "parentUUID": "19976e8e-749c-4c84-968b-0a036867df02",
              "isHook": false,
              "skipped": false
            },
            {
              "title": "cadastro com hífen no nome",
              "fullTitle": "cadastro de usuários cadastro com hífen no nome",
              "timedOut": null,
              "duration": 2469,
              "state": "passed",
              "speed": "fast",
              "pass": true,
              "fail": false,
              "pending": false,
              "context": null,
              "code": "let fazerLogin = login();\nlet infos = createUser();\ncy.get(':nth-child(1) > .sc-bqOYya > .sc-gHjVMF').type(\"user-\" + infos[0]);\ncy.get(':nth-child(2) > .sc-bqOYya > .sc-gHjVMF').type(\"user\" + infos[1] + \"@gmail.com\");\ncy.get(':nth-child(3) > .sc-bqOYya > .sc-gHjVMF').type(infos[2]);\ncy.get(':nth-child(4) > .sc-irLvIq > .sc-csKJxZ').click();\ncy.get('.Toastify__toast-body > :nth-child(2)').should('contain.text', 'Usuário criado com sucesso!');",
              "err": {},
              "uuid": "54812471-3239-4261-957b-deefcae0eb6f",
              "parentUUID": "19976e8e-749c-4c84-968b-0a036867df02",
              "isHook": false,
              "skipped": false
            },
            {
              "title": "cadastro com senha complexa e grande",
              "fullTitle": "cadastro de usuários cadastro com senha complexa e grande",
              "timedOut": null,
              "duration": 2670,
              "state": "passed",
              "speed": "fast",
              "pass": true,
              "fail": false,
              "pending": false,
              "context": null,
              "code": "let fazerLogin = login();\nlet infos = createUser();\ncy.get(':nth-child(1) > .sc-bqOYya > .sc-gHjVMF').type(\"user\" + infos[0]);\ncy.get(':nth-child(2) > .sc-bqOYya > .sc-gHjVMF').type(\"user\" + infos[1] + \"@gmail.com\");\ncy.get(':nth-child(3) > .sc-bqOYya > .sc-gHjVMF').type(\"@\" + infos[2] + \"_S3nh@C0mpl3xa!!2025\");\ncy.get(':nth-child(4) > .sc-irLvIq > .sc-csKJxZ').click();\ncy.get('.Toastify__toast-body > :nth-child(2)').should('contain.text', 'Usuário criado com sucesso!');",
              "err": {},
              "uuid": "09cf8c15-f37e-4871-a11a-836b296977ef",
              "parentUUID": "19976e8e-749c-4c84-968b-0a036867df02",
              "isHook": false,
              "skipped": false
            },
            {
              "title": "cadastro com email já cadastrado",
              "fullTitle": "cadastro de usuários cadastro com email já cadastrado",
              "timedOut": null,
              "duration": 3912,
              "state": "passed",
              "speed": "fast",
              "pass": true,
              "fail": false,
              "pending": false,
              "context": null,
              "code": "let fazerLogin = login();\nlet infos = createUser();\n// primeiro cadastro (deve passar)\ncy.get(':nth-child(1) > .sc-bqOYya > .sc-gHjVMF').type(\"user\" + infos[0]);\ncy.get(':nth-child(2) > .sc-bqOYya > .sc-gHjVMF').type(\"user\" + infos[1] + \"@gmail.com\");\ncy.get(':nth-child(3) > .sc-bqOYya > .sc-gHjVMF').type(infos[2]);\ncy.get(':nth-child(4) > .sc-irLvIq > .sc-csKJxZ').click();\ncy.get('.Toastify__toast-body > :nth-child(2)').should('contain.text', 'Usuário criado com sucesso!');\n// segundo cadastro com o MESMO email (deve falhar)\ncy.reload(); //recarega a página\nlet infosReloadPage = createUser();\ncy.get('.sc-dsAqUS').select('Aluno');\ncy.get(':nth-child(1) > .sc-bqOYya > .sc-gHjVMF').type(\"userReload-\" + infosReloadPage[0]);\ncy.get(':nth-child(2) > .sc-bqOYya > .sc-gHjVMF').type(\"user\" + infos[1] + \"@gmail.com\");\ncy.get(':nth-child(3) > .sc-bqOYya > .sc-gHjVMF').type(infosReloadPage[2] + \"Reload\");\ncy.get(':nth-child(4) > .sc-irLvIq > .sc-csKJxZ').click();\ncy.get('.Toastify__toast-body > :nth-child(2)').should('contain.text', 'Falha ao criar usuário.');",
              "err": {},
              "uuid": "edb38f80-4cdf-4ca4-9c17-853d6a8abc5a",
              "parentUUID": "19976e8e-749c-4c84-968b-0a036867df02",
              "isHook": false,
              "skipped": false
            },
            {
              "title": "cadastro com email inválido",
              "fullTitle": "cadastro de usuários cadastro com email inválido",
              "timedOut": null,
              "duration": 2356,
              "state": "passed",
              "speed": "fast",
              "pass": true,
              "fail": false,
              "pending": false,
              "context": null,
              "code": "let fazerLogin = login();\nlet infos = createUser();\ncy.get('.sc-dsAqUS').select('Aluno');\ncy.get(':nth-child(1) > .sc-bqOYya > .sc-gHjVMF').type(\"user\" + infos[0]);\ncy.get(':nth-child(2) > .sc-bqOYya > .sc-gHjVMF').type(\"user\" + infos[1] + \".gmail.com\");\ncy.get(':nth-child(3) > .sc-bqOYya > .sc-gHjVMF').type(infos[2]);\ncy.get(':nth-child(4) > .sc-irLvIq > .sc-csKJxZ').click();\ncy.get('.Toastify__toast-body > :nth-child(2)').should('contain.text', 'Por favor, insira um endereço de email válido.');",
              "err": {},
              "uuid": "9b76bd23-2284-469d-a955-4185718c921a",
              "parentUUID": "19976e8e-749c-4c84-968b-0a036867df02",
              "isHook": false,
              "skipped": false
            },
            {
              "title": "cadastro com pelo menos um campo vazio",
              "fullTitle": "cadastro de usuários cadastro com pelo menos um campo vazio",
              "timedOut": null,
              "duration": 2114,
              "state": "passed",
              "speed": "fast",
              "pass": true,
              "fail": false,
              "pending": false,
              "context": null,
              "code": "let fazerLogin = login();\nlet infos = createUser();\ncy.get('.sc-dsAqUS').select('Aluno');\ncy.get(':nth-child(1) > .sc-bqOYya > .sc-gHjVMF').type(\"user\" + infos[0]);\ncy.get(':nth-child(2) > .sc-bqOYya > .sc-gHjVMF').type(\"user\" + infos[1] + \".gmail.com\");\ncy.get(':nth-child(4) > .sc-irLvIq > .sc-csKJxZ').click();\ncy.get('.Toastify__toast-body').should('not.exist'); //aqui não aconteceu nada",
              "err": {},
              "uuid": "7869452d-9cc5-4b0f-b843-5d3fe3ee01f5",
              "parentUUID": "19976e8e-749c-4c84-968b-0a036867df02",
              "isHook": false,
              "skipped": false
            }
          ],
          "suites": [],
          "passes": [
            "fd531eec-5d00-44ff-8389-fa5020622f36",
            "54812471-3239-4261-957b-deefcae0eb6f",
            "09cf8c15-f37e-4871-a11a-836b296977ef",
            "edb38f80-4cdf-4ca4-9c17-853d6a8abc5a",
            "9b76bd23-2284-469d-a955-4185718c921a",
            "7869452d-9cc5-4b0f-b843-5d3fe3ee01f5"
          ],
          "failures": [],
          "pending": [],
          "skipped": [],
          "duration": 17346,
          "root": false,
          "rootEmpty": false,
          "_timeout": 2000
        }
      ],
      "passes": [],
      "failures": [],
      "pending": [],
      "skipped": [],
      "duration": 0,
      "root": true,
      "rootEmpty": true,
      "_timeout": 2000
    }
  ],
  "meta": {
    "mocha": {
      "version": "7.2.0"
    },
    "mochawesome": {
      "options": {
        "quiet": false,
        "reportFilename": "mochawesome",
        "saveHtml": true,
        "saveJson": true,
        "consoleReporter": "spec",
        "useInlineDiffs": false,
        "code": true
      },
      "version": "7.1.3"
    },
    "marge": {
      "options": null,
      "version": "6.2.0"
    }
  }
}